<?xml version="1.0" encoding="UTF-8"?>
<testng-results skipped="0" failed="0" total="1" passed="1">
  <reporter-output>
  </reporter-output>
  <suite name="Suite" duration-ms="44857" started-at="2016-12-19T07:09:34Z" finished-at="2016-12-19T07:10:19Z">
    <groups>
    </groups>
    <test name="CLEARTRIP_TEST" duration-ms="44857" started-at="2016-12-19T07:09:34Z" finished-at="2016-12-19T07:10:19Z">
      <class name="com.clearTrip.Testcases.RoundTripBooking">
        <test-method status="PASS" signature="roundTrip(java.lang.String, java.lang.String, java.lang.String, java.lang.String, java.lang.String, java.lang.String, java.lang.String, java.lang.String)[pri:0, instance:com.clearTrip.Testcases.RoundTripBooking@77caeb3e]" name="roundTrip" duration-ms="37831" started-at="2016-12-19T12:39:34Z" data-provider="roundTripBookingData" finished-at="2016-12-19T12:40:12Z">
          <params>
            <param index="0">
              <value>
                <![CDATA[TestCase_001]]>
              </value>
            </param>
            <param index="1">
              <value>
                <![CDATA[Bangalore, IN - Kempegowda International Airport (BLR)]]>
              </value>
            </param>
            <param index="2">
              <value>
                <![CDATA[New Delhi, IN - Indira Gandhi Airport (DEL)]]>
              </value>
            </param>
            <param index="3">
              <value>
                <![CDATA[30/12/2016]]>
              </value>
            </param>
            <param index="4">
              <value>
                <![CDATA[31/12/2016]]>
              </value>
            </param>
            <param index="5">
              <value>
                <![CDATA[1]]>
              </value>
            </param>
            <param index="6">
              <value>
                <![CDATA[1]]>
              </value>
            </param>
            <param index="7">
              <value>
                <![CDATA[0]]>
              </value>
            </param>
          </params>
          <reporter-output>
          </reporter-output>
        </test-method> <!-- roundTrip -->
        <test-method status="PASS" signature="afterMethod(org.testng.ITestResult)[pri:0, instance:com.clearTrip.Testcases.RoundTripBooking@77caeb3e]" name="afterMethod" is-config="true" duration-ms="6813" started-at="2016-12-19T12:40:12Z" finished-at="2016-12-19T12:40:19Z">
          <params>
            <param index="0">
              <value>
                <![CDATA[[TestResult name=roundTrip status=SUCCESS method=RoundTripBooking.roundTrip(java.lang.String, java.lang.String, java.lang.String, java.lang.String, java.lang.String, java.lang.String, java.lang.String, java.lang.String)[pri:0, instance:com.clearTrip.Testcases.RoundTripBooking@77caeb3e] output={null}]]]>
              </value>
            </param>
          </params>
          <reporter-output>
          </reporter-output>
        </test-method> <!-- afterMethod -->
      </class> <!-- com.clearTrip.Testcases.RoundTripBooking -->
    </test> <!-- CLEARTRIP_TEST -->
  </suite> <!-- Suite -->
</testng-results>
